<?xml version="1.0" encoding="UTF-8"?>
<!-- Generated by org.testng.reporters.JUnitXMLReporter -->
<testsuite ignored="0" hostname="DESKTOP-8R7K7D8" failures="3" tests="3" name="Test" time="22.309" errors="0" timestamp="25 Jan 2025 09:20:57 GMT">
  <testcase classname="com.comcast.crm.orgtest1.CreateOrganizationTest" name="CreateOrgWithPhoneNumberTest" time="0.198">
    <failure type="java.lang.NoSuchMethodError" message="&amp;apos;java.lang.ClassLoader[] org.apache.logging.log4j.util.LoaderUtil.getClassLoaders()&amp;apos;">
      <![CDATA[java.lang.NoSuchMethodError: 'java.lang.ClassLoader[] org.apache.logging.log4j.util.LoaderUtil.getClassLoaders()'
at org.apache.logging.log4j.core.util.WatchManager.getEventServices(WatchManager.java:160)
at org.apache.logging.log4j.core.util.WatchManager.<init>(WatchManager.java:137)
at org.apache.logging.log4j.core.config.AbstractConfiguration.<init>(AbstractConfiguration.java:140)
at org.apache.logging.log4j.core.config.NullConfiguration.<init>(NullConfiguration.java:32)
at org.apache.logging.log4j.core.LoggerContext.<clinit>(LoggerContext.java:85)
at org.apache.logging.log4j.core.selector.ClassLoaderContextSelector.createContext(ClassLoaderContextSelector.java:254)
at org.apache.logging.log4j.core.selector.ClassLoaderContextSelector.locateContext(ClassLoaderContextSelector.java:218)
at org.apache.logging.log4j.core.selector.ClassLoaderContextSelector.getContext(ClassLoaderContextSelector.java:136)
at org.apache.logging.log4j.core.selector.ClassLoaderContextSelector.getContext(ClassLoaderContextSelector.java:123)
at org.apache.logging.log4j.core.selector.ClassLoaderContextSelector.getContext(ClassLoaderContextSelector.java:117)
at org.apache.logging.log4j.core.impl.Log4jContextFactory.getContext(Log4jContextFactory.java:150)
at org.apache.logging.log4j.core.impl.Log4jContextFactory.getContext(Log4jContextFactory.java:47)
at org.apache.logging.log4j.LogManager.getContext(LogManager.java:196)
at org.apache.logging.log4j.LogManager.getLogger(LogManager.java:599)
at org.apache.poi.util.IOUtils.<clinit>(IOUtils.java:43)
at org.apache.poi.poifs.filesystem.FileMagic.valueOf(FileMagic.java:209)
at org.apache.poi.ss.usermodel.WorkbookFactory.create(WorkbookFactory.java:222)
at org.apache.poi.ss.usermodel.WorkbookFactory.create(WorkbookFactory.java:185)
at com.comcast.crm.generic.fileutility.ExcelUtility.getDataFromExcel(ExcelUtility.java:18)
at com.comcast.crm.orgtest1.CreateOrganizationTest.CreateOrgWithPhoneNumberTest(CreateOrganizationTest.java:97)
... Removed 25 stack frames]]>
    </failure>
  </testcase> <!-- CreateOrgWithPhoneNumberTest -->
  <testcase classname="com.comcast.crm.orgtest1.CreateOrganizationTest" name="createOrganization" time="0.007">
    <failure type="java.lang.NoClassDefFoundError" message="Could not initialize class org.apache.poi.util.IOUtils">
      <![CDATA[java.lang.NoClassDefFoundError: Could not initialize class org.apache.poi.util.IOUtils
at org.apache.poi.poifs.filesystem.FileMagic.valueOf(FileMagic.java:209)
at org.apache.poi.ss.usermodel.WorkbookFactory.create(WorkbookFactory.java:222)
at org.apache.poi.ss.usermodel.WorkbookFactory.create(WorkbookFactory.java:185)
at com.comcast.crm.generic.fileutility.ExcelUtility.getDataFromExcel(ExcelUtility.java:18)
at com.comcast.crm.orgtest1.CreateOrganizationTest.createOrganization(CreateOrganizationTest.java:28)
Caused by: java.lang.ExceptionInInitializerError: Exception java.lang.NoSuchMethodError: 'java.lang.ClassLoader[] org.apache.logging.log4j.util.LoaderUtil.getClassLoaders()' [in thread "main"]
at org.apache.logging.log4j.core.util.WatchManager.getEventServices(WatchManager.java:160)
at org.apache.logging.log4j.core.util.WatchManager.<init>(WatchManager.java:137)
at org.apache.logging.log4j.core.config.AbstractConfiguration.<init>(AbstractConfiguration.java:140)
at org.apache.logging.log4j.core.config.NullConfiguration.<init>(NullConfiguration.java:32)
at org.apache.logging.log4j.core.LoggerContext.<clinit>(LoggerContext.java:85)
at org.apache.logging.log4j.core.selector.ClassLoaderContextSelector.createContext(ClassLoaderContextSelector.java:254)
at org.apache.logging.log4j.core.selector.ClassLoaderContextSelector.locateContext(ClassLoaderContextSelector.java:218)
at org.apache.logging.log4j.core.selector.ClassLoaderContextSelector.getContext(ClassLoaderContextSelector.java:136)
at org.apache.logging.log4j.core.selector.ClassLoaderContextSelector.getContext(ClassLoaderContextSelector.java:123)
at org.apache.logging.log4j.core.selector.ClassLoaderContextSelector.getContext(ClassLoaderContextSelector.java:117)
at org.apache.logging.log4j.core.impl.Log4jContextFactory.getContext(Log4jContextFactory.java:150)
at org.apache.logging.log4j.core.impl.Log4jContextFactory.getContext(Log4jContextFactory.java:47)
at org.apache.logging.log4j.LogManager.getContext(LogManager.java:196)
at org.apache.logging.log4j.LogManager.getLogger(LogManager.java:599)
at org.apache.poi.util.IOUtils.<clinit>(IOUtils.java:43)
at org.apache.poi.poifs.filesystem.FileMagic.valueOf(FileMagic.java:209)
at org.apache.poi.ss.usermodel.WorkbookFactory.create(WorkbookFactory.java:222)
at org.apache.poi.ss.usermodel.WorkbookFactory.create(WorkbookFactory.java:185)
at com.comcast.crm.generic.fileutility.ExcelUtility.getDataFromExcel(ExcelUtility.java:18)
at com.comcast.crm.orgtest1.CreateOrganizationTest.CreateOrgWithPhoneNumberTest(CreateOrganizationTest.java:97)
... 25 more
... Removed 25 stack frames]]>
    </failure>
  </testcase> <!-- createOrganization -->
  <testcase classname="com.comcast.crm.orgtest1.CreateOrganizationTest" name="createOrganizationwithIndustry" time="0.008">
    <failure type="java.lang.NoClassDefFoundError" message="Could not initialize class org.apache.poi.util.IOUtils">
      <![CDATA[java.lang.NoClassDefFoundError: Could not initialize class org.apache.poi.util.IOUtils
at org.apache.poi.poifs.filesystem.FileMagic.valueOf(FileMagic.java:209)
at org.apache.poi.ss.usermodel.WorkbookFactory.create(WorkbookFactory.java:222)
at org.apache.poi.ss.usermodel.WorkbookFactory.create(WorkbookFactory.java:185)
at com.comcast.crm.generic.fileutility.ExcelUtility.getDataFromExcel(ExcelUtility.java:18)
at com.comcast.crm.orgtest1.CreateOrganizationTest.createOrganizationwithIndustry(CreateOrganizationTest.java:64)
Caused by: java.lang.ExceptionInInitializerError: Exception java.lang.NoSuchMethodError: 'java.lang.ClassLoader[] org.apache.logging.log4j.util.LoaderUtil.getClassLoaders()' [in thread "main"]
at org.apache.logging.log4j.core.util.WatchManager.getEventServices(WatchManager.java:160)
at org.apache.logging.log4j.core.util.WatchManager.<init>(WatchManager.java:137)
at org.apache.logging.log4j.core.config.AbstractConfiguration.<init>(AbstractConfiguration.java:140)
at org.apache.logging.log4j.core.config.NullConfiguration.<init>(NullConfiguration.java:32)
at org.apache.logging.log4j.core.LoggerContext.<clinit>(LoggerContext.java:85)
at org.apache.logging.log4j.core.selector.ClassLoaderContextSelector.createContext(ClassLoaderContextSelector.java:254)
at org.apache.logging.log4j.core.selector.ClassLoaderContextSelector.locateContext(ClassLoaderContextSelector.java:218)
at org.apache.logging.log4j.core.selector.ClassLoaderContextSelector.getContext(ClassLoaderContextSelector.java:136)
at org.apache.logging.log4j.core.selector.ClassLoaderContextSelector.getContext(ClassLoaderContextSelector.java:123)
at org.apache.logging.log4j.core.selector.ClassLoaderContextSelector.getContext(ClassLoaderContextSelector.java:117)
at org.apache.logging.log4j.core.impl.Log4jContextFactory.getContext(Log4jContextFactory.java:150)
at org.apache.logging.log4j.core.impl.Log4jContextFactory.getContext(Log4jContextFactory.java:47)
at org.apache.logging.log4j.LogManager.getContext(LogManager.java:196)
at org.apache.logging.log4j.LogManager.getLogger(LogManager.java:599)
at org.apache.poi.util.IOUtils.<clinit>(IOUtils.java:43)
at org.apache.poi.poifs.filesystem.FileMagic.valueOf(FileMagic.java:209)
at org.apache.poi.ss.usermodel.WorkbookFactory.create(WorkbookFactory.java:222)
at org.apache.poi.ss.usermodel.WorkbookFactory.create(WorkbookFactory.java:185)
at com.comcast.crm.generic.fileutility.ExcelUtility.getDataFromExcel(ExcelUtility.java:18)
at com.comcast.crm.orgtest1.CreateOrganizationTest.CreateOrgWithPhoneNumberTest(CreateOrganizationTest.java:97)
... 25 more
... Removed 25 stack frames]]>
    </failure>
  </testcase> <!-- createOrganizationwithIndustry -->
</testsuite> <!-- Test -->
